<?xml version="1.0" encoding="UTF-8"?>
<testsuite xmlns:xsi="http://www.w3.org/2001/XMLSchema-instance" xsi:noNamespaceSchemaLocation="https://maven.apache.org/surefire/maven-surefire-plugin/xsd/surefire-test-report-3.0.xsd" version="3.0" name="TestSuite" time="25.948" tests="3" errors="0" skipped="0" failures="0">
  <properties>
[...]
</properties>
  <testcase name="runScenario[&quot;Search experince for Product search in both Home and Offers Page With Different Values&quot;, &quot;Search and Place the order for Products&quot;](1)" classname="cucumberoptions.TestNGTestRunner" time="24.185">
    <system-out><![CDATA[Beans
Tomato
Potato
]]></system-out>
    <system-err><![CDATA[SLF4J: Failed to load class "org.slf4j.impl.StaticLoggerBinder".
SLF4J: Defaulting to no-operation (NOP) logger implementation
SLF4J: See http://www.slf4j.org/codes.html#StaticLoggerBinder for further details.
Starting ChromeDriver 106.0.5249.6S1S (tt5117aarr5tt5i3i5nn5g8g449  55CcCd3heh2r6r4o77mo9bamef0DdedrD38i2r12a4dv0-reierf s1/0b6r.a0n.vc5eh2r4- 9he1.a60d61s/. 05(2.54519@12{74#955.65693}51)5  (8o45141n97555 5cp3do53r5et8264 444979753596bc3da
f3O0ed2n6dl34y8 72l1o792caba4aldf 00cd-odn3rn8ee2fc1st2/iba4rd0o-refsna/snb rcaharn-ehc hea-alhdelso/adw5es2/d4.95
2@P{4l9#e@5a{6s#9e5} 6)s9 e}oe n ) httpoponsr :tp/ o/4rc9th4 r35o1m7
9e3Odn9rl
yivO nelrloy.cc ahllro occmaoiln uneccomtn.inooencst iaornes  aalrleo waeldl.o
Prlge/wases escued.e
Pele ashtet ps://chrromietdyr-ivceosre.ec hhrtotmpnissu:imd/.e/orcrahgt/irsooenmcseu drfrioitrveyr-.ccohnrsoimdie urmsau.togigoresngst/is oefor scuuritgy-gconesisdertatniioonss  fonrs  sooung gnkeeste piioknngs  eoCnhe rokempeepiinngg D CChhrrroommeeiDDrrivivveerr  essaaffree..

 safe.
CCChhhrrrooommmeeeDDrriivDvererri  vwweaarss   swatsa rsttead srsutctecaderstsefdu l slusy.uc
cccessfeulslsyf.u
lly.
Oct 17, 2022 8:15:33 PM org.openqa.selenium.remote.ProtocolHandshake createSession
INFO: Detected upstream dialect: W3C
Oct 17, 2022 8:15:33 PM org.openqa.selenium.remote.ProtocolHandshake createSession
INFO: Detected upstream dialect: W3C
Oct 17, 2022 8:15:33 PM org.openqa.selenium.remote.ProtocolHandshake createSession
INFO: Detected upstream dialect: W3C
Oct 17, 2022 8:15:33 PM org.openqa.selenium.devtools.CdpVersionFinder findNearestMatch
INFO: Found exact CDP implementation for version 106
Oct 17, 2022 8:15:33 PM org.openqa.selenium.devtools.CdpVersionFinder findNearestMatch
INFO: Found exact CDP implementation for version 106
Oct 17, 2022 8:15:33 PM org.openqa.selenium.devtools.CdpVersionFinder findNearestMatch
INFO: Found exact CDP implementation for version 106
]]></system-err>
  </testcase>
  <testcase name="runScenario[&quot;Search experince for Product search in both Home and Offers Page&quot;, &quot;Search and Place the order for Products&quot;](2)" classname="cucumberoptions.TestNGTestRunner" time="25.053"/>
  <testcase name="runScenario[&quot;Search experince for Product search in both Home and Offers Page With Different Values&quot;, &quot;Search and Place the order for Products&quot;](3)" classname="cucumberoptions.TestNGTestRunner" time="25.087"/>
</testsuite>